<?xml version="1.0" encoding="UTF-8"?>
<testsuite name="lab.testing.EpisodeTest" tests="8" skipped="0" failures="0" errors="0" timestamp="2017-11-12T18:53:02" hostname="DESKTOP-CO2J425" time="0.031">
  <properties/>
  <testcase name="setEpisodeDescription" classname="lab.testing.EpisodeTest" time="0.006"/>
  <testcase name="getEpisodeTitle" classname="lab.testing.EpisodeTest" time="0.001"/>
  <testcase name="setEpisodeId" classname="lab.testing.EpisodeTest" time="0.022"/>
  <testcase name="getEpisodeDescription" classname="lab.testing.EpisodeTest" time="0.001"/>
  <testcase name="setEpisodeTitle" classname="lab.testing.EpisodeTest" time="0.0"/>
  <testcase name="getEpisodeDirector" classname="lab.testing.EpisodeTest" time="0.0"/>
  <testcase name="setEpisodeDirector" classname="lab.testing.EpisodeTest" time="0.0"/>
  <testcase name="getEpisodeId" classname="lab.testing.EpisodeTest" time="0.0"/>
  <system-out><![CDATA[]]></system-out>
  <system-err><![CDATA[]]></system-err>
</testsuite>
