<?xml version="1.0" encoding="UTF-8"?>
<testsuite name="lab.testing.ProductionTest" tests="8" skipped="0" failures="0" errors="0" timestamp="2017-11-12T18:53:05" hostname="DESKTOP-CO2J425" time="0.014">
  <properties/>
  <testcase name="setDistributor" classname="lab.testing.ProductionTest" time="0.003"/>
  <testcase name="setLocation" classname="lab.testing.ProductionTest" time="0.001"/>
  <testcase name="getLocation" classname="lab.testing.ProductionTest" time="0.001"/>
  <testcase name="setExecutiveProducer" classname="lab.testing.ProductionTest" time="0.001"/>
  <testcase name="getExecutiveProducer" classname="lab.testing.ProductionTest" time="0.0"/>
  <testcase name="getDistributor" classname="lab.testing.ProductionTest" time="0.0"/>
  <testcase name="setProducer" classname="lab.testing.ProductionTest" time="0.0"/>
  <testcase name="getProducer" classname="lab.testing.ProductionTest" time="0.0"/>
  <system-out><![CDATA[]]></system-out>
  <system-err><![CDATA[]]></system-err>
</testsuite>
